<?xml version="1.0" encoding="UTF-8"?>
<robot generator="Robot 2.5.4 (Jython 2.5.1 on java1.6.0_18)" generated="20100930 09:46:10.165">
<suite source="/home/jth/work/robot/proto/atdd-tutorial-berlin-2010/atest/vacalc" name="Vacalc">
<doc/>
<metadata>
</metadata>
<kw type="setup" timeout="" name="resource.Start Vacalc">
<doc/>
<arguments>
</arguments>
<kw type="kw" timeout="" name="OperatingSystem.Set Environment Variable">
<doc>Sets an environment variable to a specified value.</doc>
<arguments>
<arg>VACALC_DB</arg>
<arg>${DATABASE}</arg>
</arguments>
<msg timestamp="20100930 09:46:13.644" level="INFO">Environment variable 'VACALC_DB' set to value '/home/jth/work/robot/proto/atdd-tutorial-berlin-2010/atest/vacalc/test_db.txt'</msg>
<status status="PASS" endtime="20100930 09:46:13.645" starttime="20100930 09:46:13.622"/>
</kw>
<kw type="kw" timeout="" name="SwingLibrary.Start Application">
<doc>Alias for `Launch Application` keyword</doc>
<arguments>
<arg>org.robotframework.vacalc.VacalcRunner</arg>
</arguments>
<status status="PASS" endtime="20100930 09:46:15.078" starttime="20100930 09:46:13.651"/>
</kw>
<kw type="kw" timeout="" name="SwingLibrary.Select Window">
<doc>Selects a window was as current context.</doc>
<arguments>
<arg>Vacation Calculator</arg>
</arguments>
<status status="PASS" endtime="20100930 09:46:15.750" starttime="20100930 09:46:15.088"/>
</kw>
<kw type="kw" timeout="" name="${title} = SwingLibrary.Get Selected Window Title">
<doc>Returns the title of the selected window.</doc>
<arguments>
</arguments>
<msg timestamp="20100930 09:46:15.775" level="INFO">${title} = Vacation Calculator</msg>
<status status="PASS" endtime="20100930 09:46:15.767" starttime="20100930 09:46:15.756"/>
</kw>
<status status="PASS" endtime="20100930 09:46:15.778" starttime="20100930 09:46:13.601"/>
</kw>
<suite source="/home/jth/work/robot/proto/atdd-tutorial-berlin-2010/atest/vacalc/add_employee.txt" name="Add Employee">
<doc/>
<metadata>
</metadata>
<test critical="yes" timeout="" name="Adding employee">
<doc/>
<kw type="kw" timeout="" name="Given no employee &quot;Juha&quot; exists in the system">
<doc/>
<arguments>
</arguments>
<kw type="kw" timeout="" name="resource.Clear Database">
<doc/>
<arguments>
</arguments>
<kw type="kw" timeout="" name="OperatingSystem.Remove File">
<doc>Removes a file with the given path.</doc>
<arguments>
<arg>${DATABASE}</arg>
</arguments>
<msg timestamp="20100930 09:46:15.921" html="yes" level="INFO">File '&lt;a href="file:///home/jth/work/robot/proto/atdd-tutorial-berlin-2010/atest/vacalc/test_db.txt"&gt;/home/jth/work/robot/proto/atdd-tutorial-berlin-2010/atest/vacalc/test_db.txt&lt;/a&gt;' does not exist</msg>
<status status="PASS" endtime="20100930 09:46:15.924" starttime="20100930 09:46:15.894"/>
</kw>
<kw type="kw" timeout="" name="BuiltIn.Sleep">
<doc>Pauses the test executed for the given time.</doc>
<arguments>
<arg>0.2s</arg>
</arguments>
<msg timestamp="20100930 09:46:16.141" level="INFO">Slept 200 milliseconds</msg>
<status status="PASS" endtime="20100930 09:46:16.144" starttime="20100930 09:46:15.927"/>
</kw>
<status status="PASS" endtime="20100930 09:46:16.148" starttime="20100930 09:46:15.874"/>
</kw>
<status status="PASS" endtime="20100930 09:46:16.153" starttime="20100930 09:46:15.851"/>
</kw>
<kw type="kw" timeout="" name="When &quot;Juha&quot; with start date 2010-01-01 is added">
<doc/>
<arguments>
</arguments>
<kw type="kw" timeout="" name="resource.Add Employee">
<doc/>
<arguments>
<arg>${name}</arg>
<arg>${date}</arg>
</arguments>
<kw type="kw" timeout="" name="SwingLibrary.Insert Into Text Field">
<doc>Inserts text into a text component (e.g. text field, password field, text area).</doc>
<arguments>
<arg>name_input</arg>
<arg>${name}</arg>
</arguments>
<status status="PASS" endtime="20100930 09:46:16.319" starttime="20100930 09:46:16.196"/>
</kw>
<kw type="kw" timeout="" name="SwingLibrary.Insert Into Text Field">
<doc>Inserts text into a text component (e.g. text field, password field, text area).</doc>
<arguments>
<arg>start_input</arg>
<arg>${date}</arg>
</arguments>
<status status="PASS" endtime="20100930 09:46:16.338" starttime="20100930 09:46:16.323"/>
</kw>
<kw type="kw" timeout="" name="SwingLibrary.Push Button">
<doc>Uses current context to search for a button and when found, pushes it.</doc>
<arguments>
<arg>save_button</arg>
</arguments>
<status status="PASS" endtime="20100930 09:46:16.526" starttime="20100930 09:46:16.344"/>
</kw>
<status status="PASS" endtime="20100930 09:46:16.530" starttime="20100930 09:46:16.174"/>
</kw>
<status status="PASS" endtime="20100930 09:46:16.533" starttime="20100930 09:46:16.157"/>
</kw>
<kw type="kw" timeout="" name="Then message &quot;Employee 'Juha' was added successfully.&quot; is shown">
<doc/>
<arguments>
</arguments>
<kw type="kw" timeout="" name="resource.Status Message Should Be">
<doc/>
<arguments>
<arg>${message}</arg>
</arguments>
<kw type="kw" timeout="" name="SwingLibrary.Label Text Should Be">
<doc>Checks the equality of given text and the text displayed on a label.</doc>
<arguments>
<arg>status_label</arg>
<arg>${message}</arg>
</arguments>
<status status="PASS" endtime="20100930 09:46:16.707" starttime="20100930 09:46:16.663"/>
</kw>
<status status="PASS" endtime="20100930 09:46:16.710" starttime="20100930 09:46:16.573"/>
</kw>
<status status="PASS" endtime="20100930 09:46:16.711" starttime="20100930 09:46:16.562"/>
</kw>
<kw type="kw" timeout="" name="and &quot;Juha&quot; exists in the employee listing">
<doc/>
<arguments>
</arguments>
<kw type="kw" timeout="" name="resource.Employee Should Be Selected">
<doc/>
<arguments>
<arg>${name}</arg>
</arguments>
<kw type="kw" timeout="" name="${selected item} = SwingLibrary.Get Selected Value From List">
<doc>Returns the item that's currently selected in the list.</doc>
<arguments>
<arg>employee_list</arg>
</arguments>
<msg timestamp="20100930 09:46:16.821" level="INFO">${selected item} = Juha</msg>
<status status="PASS" endtime="20100930 09:46:16.819" starttime="20100930 09:46:16.737"/>
</kw>
<kw type="kw" timeout="" name="BuiltIn.Should Be Equal">
<doc>Fails if the given objects are unequal.</doc>
<arguments>
<arg>${name}</arg>
<arg>${selected item}</arg>
</arguments>
<status status="PASS" endtime="20100930 09:46:16.835" starttime="20100930 09:46:16.825"/>
</kw>
<status status="PASS" endtime="20100930 09:46:16.838" starttime="20100930 09:46:16.726"/>
</kw>
<status status="PASS" endtime="20100930 09:46:16.839" starttime="20100930 09:46:16.717"/>
</kw>
<kw type="kw" timeout="" name="and &quot;Juha&quot; with start date 2010-01-01 exists in the database">
<doc/>
<arguments>
</arguments>
<kw type="kw" timeout="" name="resource.Employee exists in the database">
<doc/>
<arguments>
<arg>${name}</arg>
<arg>${date}</arg>
</arguments>
<kw type="kw" timeout="" name="${db} = OperatingSystem.Get File">
<doc>Returns the contents of a specified file.</doc>
<arguments>
<arg>${DATABASE}</arg>
</arguments>
<msg timestamp="20100930 09:46:16.931" html="yes" level="INFO">Getting file '&lt;a href="file:///home/jth/work/robot/proto/atdd-tutorial-berlin-2010/atest/vacalc/test_db.txt"&gt;/home/jth/work/robot/proto/atdd-tutorial-berlin-2010/atest/vacalc/test_db.txt&lt;/a&gt;'</msg>
<msg timestamp="20100930 09:46:16.936" level="INFO">${db} = Juha,2010-01-01
</msg>
<status status="PASS" endtime="20100930 09:46:16.934" starttime="20100930 09:46:16.911"/>
</kw>
<kw type="kw" timeout="" name="BuiltIn.Should Contain">
<doc>Fails if `item1` does not contain `item2` one or more times.</doc>
<arguments>
<arg>${db}</arg>
<arg>${name},${date}</arg>
</arguments>
<status status="PASS" endtime="20100930 09:46:16.961" starttime="20100930 09:46:16.940"/>
</kw>
<status status="PASS" endtime="20100930 09:46:16.963" starttime="20100930 09:46:16.877"/>
</kw>
<status status="PASS" endtime="20100930 09:46:16.979" starttime="20100930 09:46:16.849"/>
</kw>
<tags>
<tag>Sprint-1</tag>
</tags>
<status status="PASS" endtime="20100930 09:46:16.982" starttime="20100930 09:46:15.836"/>
</test>
<test critical="yes" timeout="" name="Adding employee with same ID">
<doc/>
<kw type="kw" timeout="" name="Given employee &quot;Juha&quot; with start date 2010-1-1 exists in the system">
<doc/>
<arguments>
</arguments>
<msg timestamp="20100930 09:46:17.030" level="FAIL">No keyword with name 'Given employee "Juha" with start date 2010-1-1 exists in the system' found.</msg>
<status status="FAIL" endtime="20100930 09:46:17.032" starttime="20100930 09:46:17.023"/>
</kw>
<tags>
<tag>Sprint-1</tag>
</tags>
<status status="FAIL" endtime="20100930 09:46:17.036" starttime="20100930 09:46:16.996">No keyword with name 'Given employee "Juha" with start date 2010-1-1 exists in the system' found.</status>
</test>
<status status="FAIL" endtime="20100930 09:46:17.063" starttime="20100930 09:46:15.780"/>
</suite>
<suite source="/home/jth/work/robot/proto/atdd-tutorial-berlin-2010/atest/vacalc/date_validation.txt" name="Date Validation">
<doc/>
<metadata>
</metadata>
<test critical="yes" timeout="" name="Valid date">
<doc/>
<kw type="kw" timeout="" name="Validate start date">
<doc/>
<arguments>
<arg>2010-09-29</arg>
<arg>Employee '${USER}' was added successfully.</arg>
</arguments>
<kw type="kw" timeout="" name="resource.Clear Database">
<doc/>
<arguments>
</arguments>
<kw type="kw" timeout="" name="OperatingSystem.Remove File">
<doc>Removes a file with the given path.</doc>
<arguments>
<arg>${DATABASE}</arg>
</arguments>
<msg timestamp="20100930 09:46:17.282" html="yes" level="INFO">Removed file '&lt;a href="file:///home/jth/work/robot/proto/atdd-tutorial-berlin-2010/atest/vacalc/test_db.txt"&gt;/home/jth/work/robot/proto/atdd-tutorial-berlin-2010/atest/vacalc/test_db.txt&lt;/a&gt;'</msg>
<status status="PASS" endtime="20100930 09:46:17.282" starttime="20100930 09:46:17.259"/>
</kw>
<kw type="kw" timeout="" name="BuiltIn.Sleep">
<doc>Pauses the test executed for the given time.</doc>
<arguments>
<arg>0.2s</arg>
</arguments>
<msg timestamp="20100930 09:46:17.506" level="INFO">Slept 200 milliseconds</msg>
<status status="PASS" endtime="20100930 09:46:17.509" starttime="20100930 09:46:17.286"/>
</kw>
<status status="PASS" endtime="20100930 09:46:17.509" starttime="20100930 09:46:17.237"/>
</kw>
<kw type="kw" timeout="" name="resource.Add Employee">
<doc/>
<arguments>
<arg>${USER}</arg>
<arg>${date}</arg>
</arguments>
<kw type="kw" timeout="" name="SwingLibrary.Insert Into Text Field">
<doc>Inserts text into a text component (e.g. text field, password field, text area).</doc>
<arguments>
<arg>name_input</arg>
<arg>${name}</arg>
</arguments>
<status status="PASS" endtime="20100930 09:46:17.572" starttime="20100930 09:46:17.536"/>
</kw>
<kw type="kw" timeout="" name="SwingLibrary.Insert Into Text Field">
<doc>Inserts text into a text component (e.g. text field, password field, text area).</doc>
<arguments>
<arg>start_input</arg>
<arg>${date}</arg>
</arguments>
<status status="PASS" endtime="20100930 09:46:17.697" starttime="20100930 09:46:17.575"/>
</kw>
<kw type="kw" timeout="" name="SwingLibrary.Push Button">
<doc>Uses current context to search for a button and when found, pushes it.</doc>
<arguments>
<arg>save_button</arg>
</arguments>
<status status="PASS" endtime="20100930 09:46:17.990" starttime="20100930 09:46:17.700"/>
</kw>
<status status="PASS" endtime="20100930 09:46:17.993" starttime="20100930 09:46:17.513"/>
</kw>
<kw type="kw" timeout="" name="resource.Status Message Should Be">
<doc/>
<arguments>
<arg>${message}</arg>
</arguments>
<kw type="kw" timeout="" name="SwingLibrary.Label Text Should Be">
<doc>Checks the equality of given text and the text displayed on a label.</doc>
<arguments>
<arg>status_label</arg>
<arg>${message}</arg>
</arguments>
<status status="PASS" endtime="20100930 09:46:18.019" starttime="20100930 09:46:18.009"/>
</kw>
<status status="PASS" endtime="20100930 09:46:18.020" starttime="20100930 09:46:17.996"/>
</kw>
<status status="PASS" endtime="20100930 09:46:18.022" starttime="20100930 09:46:17.213"/>
</kw>
<kw type="kw" timeout="" name="Validate start date">
<doc/>
<arguments>
<arg>2010-9-9</arg>
<arg>Employee '${USER}' was added successfully.</arg>
</arguments>
<kw type="kw" timeout="" name="resource.Clear Database">
<doc/>
<arguments>
</arguments>
<kw type="kw" timeout="" name="OperatingSystem.Remove File">
<doc>Removes a file with the given path.</doc>
<arguments>
<arg>${DATABASE}</arg>
</arguments>
<msg timestamp="20100930 09:46:18.049" html="yes" level="INFO">Removed file '&lt;a href="file:///home/jth/work/robot/proto/atdd-tutorial-berlin-2010/atest/vacalc/test_db.txt"&gt;/home/jth/work/robot/proto/atdd-tutorial-berlin-2010/atest/vacalc/test_db.txt&lt;/a&gt;'</msg>
<status status="PASS" endtime="20100930 09:46:18.049" starttime="20100930 09:46:18.040"/>
</kw>
<kw type="kw" timeout="" name="BuiltIn.Sleep">
<doc>Pauses the test executed for the given time.</doc>
<arguments>
<arg>0.2s</arg>
</arguments>
<msg timestamp="20100930 09:46:18.259" level="INFO">Slept 200 milliseconds</msg>
<status status="PASS" endtime="20100930 09:46:18.259" starttime="20100930 09:46:18.052"/>
</kw>
<status status="PASS" endtime="20100930 09:46:18.262" starttime="20100930 09:46:18.033"/>
</kw>
<kw type="kw" timeout="" name="resource.Add Employee">
<doc/>
<arguments>
<arg>${USER}</arg>
<arg>${date}</arg>
</arguments>
<kw type="kw" timeout="" name="SwingLibrary.Insert Into Text Field">
<doc>Inserts text into a text component (e.g. text field, password field, text area).</doc>
<arguments>
<arg>name_input</arg>
<arg>${name}</arg>
</arguments>
<status status="PASS" endtime="20100930 09:46:18.289" starttime="20100930 09:46:18.278"/>
</kw>
<kw type="kw" timeout="" name="SwingLibrary.Insert Into Text Field">
<doc>Inserts text into a text component (e.g. text field, password field, text area).</doc>
<arguments>
<arg>start_input</arg>
<arg>${date}</arg>
</arguments>
<status status="PASS" endtime="20100930 09:46:18.303" starttime="20100930 09:46:18.292"/>
</kw>
<kw type="kw" timeout="" name="SwingLibrary.Push Button">
<doc>Uses current context to search for a button and when found, pushes it.</doc>
<arguments>
<arg>save_button</arg>
</arguments>
<status status="PASS" endtime="20100930 09:46:18.339" starttime="20100930 09:46:18.308"/>
</kw>
<status status="PASS" endtime="20100930 09:46:18.342" starttime="20100930 09:46:18.263"/>
</kw>
<kw type="kw" timeout="" name="resource.Status Message Should Be">
<doc/>
<arguments>
<arg>${message}</arg>
</arguments>
<kw type="kw" timeout="" name="SwingLibrary.Label Text Should Be">
<doc>Checks the equality of given text and the text displayed on a label.</doc>
<arguments>
<arg>status_label</arg>
<arg>${message}</arg>
</arguments>
<status status="PASS" endtime="20100930 09:46:18.361" starttime="20100930 09:46:18.354"/>
</kw>
<status status="PASS" endtime="20100930 09:46:18.362" starttime="20100930 09:46:18.345"/>
</kw>
<status status="PASS" endtime="20100930 09:46:18.365" starttime="20100930 09:46:18.025"/>
</kw>
<tags>
</tags>
<status status="PASS" endtime="20100930 09:46:18.367" starttime="20100930 09:46:17.191"/>
</test>
<test critical="yes" timeout="" name="Invalid date format">
<doc/>
<kw type="kw" timeout="" name="Validate start date">
<doc/>
<arguments>
<arg>invalid</arg>
<arg>Invalid time string.</arg>
</arguments>
<kw type="kw" timeout="" name="resource.Clear Database">
<doc/>
<arguments>
</arguments>
<kw type="kw" timeout="" name="OperatingSystem.Remove File">
<doc>Removes a file with the given path.</doc>
<arguments>
<arg>${DATABASE}</arg>
</arguments>
<msg timestamp="20100930 09:46:18.423" html="yes" level="INFO">Removed file '&lt;a href="file:///home/jth/work/robot/proto/atdd-tutorial-berlin-2010/atest/vacalc/test_db.txt"&gt;/home/jth/work/robot/proto/atdd-tutorial-berlin-2010/atest/vacalc/test_db.txt&lt;/a&gt;'</msg>
<status status="PASS" endtime="20100930 09:46:18.424" starttime="20100930 09:46:18.417"/>
</kw>
<kw type="kw" timeout="" name="BuiltIn.Sleep">
<doc>Pauses the test executed for the given time.</doc>
<arguments>
<arg>0.2s</arg>
</arguments>
<msg timestamp="20100930 09:46:18.631" level="INFO">Slept 200 milliseconds</msg>
<status status="PASS" endtime="20100930 09:46:18.632" starttime="20100930 09:46:18.427"/>
</kw>
<status status="PASS" endtime="20100930 09:46:18.635" starttime="20100930 09:46:18.405"/>
</kw>
<kw type="kw" timeout="" name="resource.Add Employee">
<doc/>
<arguments>
<arg>${USER}</arg>
<arg>${date}</arg>
</arguments>
<kw type="kw" timeout="" name="SwingLibrary.Insert Into Text Field">
<doc>Inserts text into a text component (e.g. text field, password field, text area).</doc>
<arguments>
<arg>name_input</arg>
<arg>${name}</arg>
</arguments>
<status status="PASS" endtime="20100930 09:46:18.654" starttime="20100930 09:46:18.647"/>
</kw>
<kw type="kw" timeout="" name="SwingLibrary.Insert Into Text Field">
<doc>Inserts text into a text component (e.g. text field, password field, text area).</doc>
<arguments>
<arg>start_input</arg>
<arg>${date}</arg>
</arguments>
<status status="PASS" endtime="20100930 09:46:18.667" starttime="20100930 09:46:18.657"/>
</kw>
<kw type="kw" timeout="" name="SwingLibrary.Push Button">
<doc>Uses current context to search for a button and when found, pushes it.</doc>
<arguments>
<arg>save_button</arg>
</arguments>
<status status="PASS" endtime="20100930 09:46:18.688" starttime="20100930 09:46:18.670"/>
</kw>
<status status="PASS" endtime="20100930 09:46:18.690" starttime="20100930 09:46:18.638"/>
</kw>
<kw type="kw" timeout="" name="resource.Status Message Should Be">
<doc/>
<arguments>
<arg>${message}</arg>
</arguments>
<kw type="kw" timeout="" name="SwingLibrary.Label Text Should Be">
<doc>Checks the equality of given text and the text displayed on a label.</doc>
<arguments>
<arg>status_label</arg>
<arg>${message}</arg>
</arguments>
<status status="PASS" endtime="20100930 09:46:18.706" starttime="20100930 09:46:18.700"/>
</kw>
<status status="PASS" endtime="20100930 09:46:18.707" starttime="20100930 09:46:18.693"/>
</kw>
<status status="PASS" endtime="20100930 09:46:18.709" starttime="20100930 09:46:18.385"/>
</kw>
<kw type="kw" timeout="" name="Validate start date">
<doc/>
<arguments>
<arg>2010-09-xx</arg>
<arg>Invalid time string.</arg>
</arguments>
<kw type="kw" timeout="" name="resource.Clear Database">
<doc/>
<arguments>
</arguments>
<kw type="kw" timeout="" name="OperatingSystem.Remove File">
<doc>Removes a file with the given path.</doc>
<arguments>
<arg>${DATABASE}</arg>
</arguments>
<msg timestamp="20100930 09:46:18.727" html="yes" level="INFO">File '&lt;a href="file:///home/jth/work/robot/proto/atdd-tutorial-berlin-2010/atest/vacalc/test_db.txt"&gt;/home/jth/work/robot/proto/atdd-tutorial-berlin-2010/atest/vacalc/test_db.txt&lt;/a&gt;' does not exist</msg>
<status status="PASS" endtime="20100930 09:46:18.727" starttime="20100930 09:46:18.721"/>
</kw>
<kw type="kw" timeout="" name="BuiltIn.Sleep">
<doc>Pauses the test executed for the given time.</doc>
<arguments>
<arg>0.2s</arg>
</arguments>
<msg timestamp="20100930 09:46:18.934" level="INFO">Slept 200 milliseconds</msg>
<status status="PASS" endtime="20100930 09:46:18.936" starttime="20100930 09:46:18.730"/>
</kw>
<status status="PASS" endtime="20100930 09:46:18.938" starttime="20100930 09:46:18.717"/>
</kw>
<kw type="kw" timeout="" name="resource.Add Employee">
<doc/>
<arguments>
<arg>${USER}</arg>
<arg>${date}</arg>
</arguments>
<kw type="kw" timeout="" name="SwingLibrary.Insert Into Text Field">
<doc>Inserts text into a text component (e.g. text field, password field, text area).</doc>
<arguments>
<arg>name_input</arg>
<arg>${name}</arg>
</arguments>
<status status="PASS" endtime="20100930 09:46:18.963" starttime="20100930 09:46:18.954"/>
</kw>
<kw type="kw" timeout="" name="SwingLibrary.Insert Into Text Field">
<doc>Inserts text into a text component (e.g. text field, password field, text area).</doc>
<arguments>
<arg>start_input</arg>
<arg>${date}</arg>
</arguments>
<status status="PASS" endtime="20100930 09:46:18.976" starttime="20100930 09:46:18.966"/>
</kw>
<kw type="kw" timeout="" name="SwingLibrary.Push Button">
<doc>Uses current context to search for a button and when found, pushes it.</doc>
<arguments>
<arg>save_button</arg>
</arguments>
<status status="PASS" endtime="20100930 09:46:18.994" starttime="20100930 09:46:18.980"/>
</kw>
<status status="PASS" endtime="20100930 09:46:18.996" starttime="20100930 09:46:18.943"/>
</kw>
<kw type="kw" timeout="" name="resource.Status Message Should Be">
<doc/>
<arguments>
<arg>${message}</arg>
</arguments>
<kw type="kw" timeout="" name="SwingLibrary.Label Text Should Be">
<doc>Checks the equality of given text and the text displayed on a label.</doc>
<arguments>
<arg>status_label</arg>
<arg>${message}</arg>
</arguments>
<status status="PASS" endtime="20100930 09:46:19.032" starttime="20100930 09:46:19.016"/>
</kw>
<status status="PASS" endtime="20100930 09:46:19.032" starttime="20100930 09:46:18.999"/>
</kw>
<status status="PASS" endtime="20100930 09:46:19.035" starttime="20100930 09:46:18.710"/>
</kw>
<kw type="kw" timeout="" name="Validate start date">
<doc/>
<arguments>
<arg>2010-09</arg>
<arg>Invalid time string.</arg>
</arguments>
<kw type="kw" timeout="" name="resource.Clear Database">
<doc/>
<arguments>
</arguments>
<kw type="kw" timeout="" name="OperatingSystem.Remove File">
<doc>Removes a file with the given path.</doc>
<arguments>
<arg>${DATABASE}</arg>
</arguments>
<msg timestamp="20100930 09:46:19.062" html="yes" level="INFO">File '&lt;a href="file:///home/jth/work/robot/proto/atdd-tutorial-berlin-2010/atest/vacalc/test_db.txt"&gt;/home/jth/work/robot/proto/atdd-tutorial-berlin-2010/atest/vacalc/test_db.txt&lt;/a&gt;' does not exist</msg>
<status status="PASS" endtime="20100930 09:46:19.062" starttime="20100930 09:46:19.053"/>
</kw>
<kw type="kw" timeout="" name="BuiltIn.Sleep">
<doc>Pauses the test executed for the given time.</doc>
<arguments>
<arg>0.2s</arg>
</arguments>
<msg timestamp="20100930 09:46:19.273" level="INFO">Slept 200 milliseconds</msg>
<status status="PASS" endtime="20100930 09:46:19.275" starttime="20100930 09:46:19.065"/>
</kw>
<status status="PASS" endtime="20100930 09:46:19.278" starttime="20100930 09:46:19.048"/>
</kw>
<kw type="kw" timeout="" name="resource.Add Employee">
<doc/>
<arguments>
<arg>${USER}</arg>
<arg>${date}</arg>
</arguments>
<kw type="kw" timeout="" name="SwingLibrary.Insert Into Text Field">
<doc>Inserts text into a text component (e.g. text field, password field, text area).</doc>
<arguments>
<arg>name_input</arg>
<arg>${name}</arg>
</arguments>
<status status="PASS" endtime="20100930 09:46:19.299" starttime="20100930 09:46:19.292"/>
</kw>
<kw type="kw" timeout="" name="SwingLibrary.Insert Into Text Field">
<doc>Inserts text into a text component (e.g. text field, password field, text area).</doc>
<arguments>
<arg>start_input</arg>
<arg>${date}</arg>
</arguments>
<status status="PASS" endtime="20100930 09:46:19.309" starttime="20100930 09:46:19.302"/>
</kw>
<kw type="kw" timeout="" name="SwingLibrary.Push Button">
<doc>Uses current context to search for a button and when found, pushes it.</doc>
<arguments>
<arg>save_button</arg>
</arguments>
<status status="PASS" endtime="20100930 09:46:19.328" starttime="20100930 09:46:19.312"/>
</kw>
<status status="PASS" endtime="20100930 09:46:19.329" starttime="20100930 09:46:19.282"/>
</kw>
<kw type="kw" timeout="" name="resource.Status Message Should Be">
<doc/>
<arguments>
<arg>${message}</arg>
</arguments>
<kw type="kw" timeout="" name="SwingLibrary.Label Text Should Be">
<doc>Checks the equality of given text and the text displayed on a label.</doc>
<arguments>
<arg>status_label</arg>
<arg>${message}</arg>
</arguments>
<status status="PASS" endtime="20100930 09:46:19.348" starttime="20100930 09:46:19.341"/>
</kw>
<status status="PASS" endtime="20100930 09:46:19.351" starttime="20100930 09:46:19.332"/>
</kw>
<status status="PASS" endtime="20100930 09:46:19.351" starttime="20100930 09:46:19.036"/>
</kw>
<kw type="kw" timeout="" name="Validate start date">
<doc/>
<arguments>
<arg>2010.09.09</arg>
<arg>Invalid time string.</arg>
</arguments>
<kw type="kw" timeout="" name="resource.Clear Database">
<doc/>
<arguments>
</arguments>
<kw type="kw" timeout="" name="OperatingSystem.Remove File">
<doc>Removes a file with the given path.</doc>
<arguments>
<arg>${DATABASE}</arg>
</arguments>
<msg timestamp="20100930 09:46:19.375" html="yes" level="INFO">File '&lt;a href="file:///home/jth/work/robot/proto/atdd-tutorial-berlin-2010/atest/vacalc/test_db.txt"&gt;/home/jth/work/robot/proto/atdd-tutorial-berlin-2010/atest/vacalc/test_db.txt&lt;/a&gt;' does not exist</msg>
<status status="PASS" endtime="20100930 09:46:19.375" starttime="20100930 09:46:19.368"/>
</kw>
<kw type="kw" timeout="" name="BuiltIn.Sleep">
<doc>Pauses the test executed for the given time.</doc>
<arguments>
<arg>0.2s</arg>
</arguments>
<msg timestamp="20100930 09:46:19.588" level="INFO">Slept 200 milliseconds</msg>
<status status="PASS" endtime="20100930 09:46:19.589" starttime="20100930 09:46:19.378"/>
</kw>
<status status="PASS" endtime="20100930 09:46:19.592" starttime="20100930 09:46:19.361"/>
</kw>
<kw type="kw" timeout="" name="resource.Add Employee">
<doc/>
<arguments>
<arg>${USER}</arg>
<arg>${date}</arg>
</arguments>
<kw type="kw" timeout="" name="SwingLibrary.Insert Into Text Field">
<doc>Inserts text into a text component (e.g. text field, password field, text area).</doc>
<arguments>
<arg>name_input</arg>
<arg>${name}</arg>
</arguments>
<status status="PASS" endtime="20100930 09:46:19.621" starttime="20100930 09:46:19.615"/>
</kw>
<kw type="kw" timeout="" name="SwingLibrary.Insert Into Text Field">
<doc>Inserts text into a text component (e.g. text field, password field, text area).</doc>
<arguments>
<arg>start_input</arg>
<arg>${date}</arg>
</arguments>
<status status="PASS" endtime="20100930 09:46:19.632" starttime="20100930 09:46:19.625"/>
</kw>
<kw type="kw" timeout="" name="SwingLibrary.Push Button">
<doc>Uses current context to search for a button and when found, pushes it.</doc>
<arguments>
<arg>save_button</arg>
</arguments>
<status status="PASS" endtime="20100930 09:46:19.648" starttime="20100930 09:46:19.637"/>
</kw>
<status status="PASS" endtime="20100930 09:46:19.648" starttime="20100930 09:46:19.596"/>
</kw>
<kw type="kw" timeout="" name="resource.Status Message Should Be">
<doc/>
<arguments>
<arg>${message}</arg>
</arguments>
<kw type="kw" timeout="" name="SwingLibrary.Label Text Should Be">
<doc>Checks the equality of given text and the text displayed on a label.</doc>
<arguments>
<arg>status_label</arg>
<arg>${message}</arg>
</arguments>
<status status="PASS" endtime="20100930 09:46:19.674" starttime="20100930 09:46:19.661"/>
</kw>
<status status="PASS" endtime="20100930 09:46:19.676" starttime="20100930 09:46:19.651"/>
</kw>
<status status="PASS" endtime="20100930 09:46:19.677" starttime="20100930 09:46:19.354"/>
</kw>
<kw type="kw" timeout="" name="Validate start date">
<doc/>
<arguments>
<arg>20101010</arg>
<arg>Invalid time string.</arg>
</arguments>
<kw type="kw" timeout="" name="resource.Clear Database">
<doc/>
<arguments>
</arguments>
<kw type="kw" timeout="" name="OperatingSystem.Remove File">
<doc>Removes a file with the given path.</doc>
<arguments>
<arg>${DATABASE}</arg>
</arguments>
<msg timestamp="20100930 09:46:19.698" html="yes" level="INFO">File '&lt;a href="file:///home/jth/work/robot/proto/atdd-tutorial-berlin-2010/atest/vacalc/test_db.txt"&gt;/home/jth/work/robot/proto/atdd-tutorial-berlin-2010/atest/vacalc/test_db.txt&lt;/a&gt;' does not exist</msg>
<status status="PASS" endtime="20100930 09:46:19.700" starttime="20100930 09:46:19.693"/>
</kw>
<kw type="kw" timeout="" name="BuiltIn.Sleep">
<doc>Pauses the test executed for the given time.</doc>
<arguments>
<arg>0.2s</arg>
</arguments>
<msg timestamp="20100930 09:46:19.905" level="INFO">Slept 200 milliseconds</msg>
<status status="PASS" endtime="20100930 09:46:19.907" starttime="20100930 09:46:19.701"/>
</kw>
<status status="PASS" endtime="20100930 09:46:19.911" starttime="20100930 09:46:19.687"/>
</kw>
<kw type="kw" timeout="" name="resource.Add Employee">
<doc/>
<arguments>
<arg>${USER}</arg>
<arg>${date}</arg>
</arguments>
<kw type="kw" timeout="" name="SwingLibrary.Insert Into Text Field">
<doc>Inserts text into a text component (e.g. text field, password field, text area).</doc>
<arguments>
<arg>name_input</arg>
<arg>${name}</arg>
</arguments>
<status status="PASS" endtime="20100930 09:46:19.927" starttime="20100930 09:46:19.920"/>
</kw>
<kw type="kw" timeout="" name="SwingLibrary.Insert Into Text Field">
<doc>Inserts text into a text component (e.g. text field, password field, text area).</doc>
<arguments>
<arg>start_input</arg>
<arg>${date}</arg>
</arguments>
<status status="PASS" endtime="20100930 09:46:19.938" starttime="20100930 09:46:19.930"/>
</kw>
<kw type="kw" timeout="" name="SwingLibrary.Push Button">
<doc>Uses current context to search for a button and when found, pushes it.</doc>
<arguments>
<arg>save_button</arg>
</arguments>
<status status="PASS" endtime="20100930 09:46:20.030" starttime="20100930 09:46:19.944"/>
</kw>
<status status="PASS" endtime="20100930 09:46:20.032" starttime="20100930 09:46:19.911"/>
</kw>
<kw type="kw" timeout="" name="resource.Status Message Should Be">
<doc/>
<arguments>
<arg>${message}</arg>
</arguments>
<kw type="kw" timeout="" name="SwingLibrary.Label Text Should Be">
<doc>Checks the equality of given text and the text displayed on a label.</doc>
<arguments>
<arg>status_label</arg>
<arg>${message}</arg>
</arguments>
<status status="PASS" endtime="20100930 09:46:20.052" starttime="20100930 09:46:20.045"/>
</kw>
<status status="PASS" endtime="20100930 09:46:20.053" starttime="20100930 09:46:20.036"/>
</kw>
<status status="PASS" endtime="20100930 09:46:20.055" starttime="20100930 09:46:19.680"/>
</kw>
<kw type="kw" timeout="" name="Validate start date">
<doc/>
<arguments>
<arg>29.9.2010</arg>
<arg>Invalid time string.</arg>
</arguments>
<kw type="kw" timeout="" name="resource.Clear Database">
<doc/>
<arguments>
</arguments>
<kw type="kw" timeout="" name="OperatingSystem.Remove File">
<doc>Removes a file with the given path.</doc>
<arguments>
<arg>${DATABASE}</arg>
</arguments>
<msg timestamp="20100930 09:46:20.078" html="yes" level="INFO">File '&lt;a href="file:///home/jth/work/robot/proto/atdd-tutorial-berlin-2010/atest/vacalc/test_db.txt"&gt;/home/jth/work/robot/proto/atdd-tutorial-berlin-2010/atest/vacalc/test_db.txt&lt;/a&gt;' does not exist</msg>
<status status="PASS" endtime="20100930 09:46:20.078" starttime="20100930 09:46:20.072"/>
</kw>
<kw type="kw" timeout="" name="BuiltIn.Sleep">
<doc>Pauses the test executed for the given time.</doc>
<arguments>
<arg>0.2s</arg>
</arguments>
<msg timestamp="20100930 09:46:20.286" level="INFO">Slept 200 milliseconds</msg>
<status status="PASS" endtime="20100930 09:46:20.288" starttime="20100930 09:46:20.082"/>
</kw>
<status status="PASS" endtime="20100930 09:46:20.290" starttime="20100930 09:46:20.065"/>
</kw>
<kw type="kw" timeout="" name="resource.Add Employee">
<doc/>
<arguments>
<arg>${USER}</arg>
<arg>${date}</arg>
</arguments>
<kw type="kw" timeout="" name="SwingLibrary.Insert Into Text Field">
<doc>Inserts text into a text component (e.g. text field, password field, text area).</doc>
<arguments>
<arg>name_input</arg>
<arg>${name}</arg>
</arguments>
<status status="PASS" endtime="20100930 09:46:20.309" starttime="20100930 09:46:20.302"/>
</kw>
<kw type="kw" timeout="" name="SwingLibrary.Insert Into Text Field">
<doc>Inserts text into a text component (e.g. text field, password field, text area).</doc>
<arguments>
<arg>start_input</arg>
<arg>${date}</arg>
</arguments>
<status status="PASS" endtime="20100930 09:46:20.325" starttime="20100930 09:46:20.312"/>
</kw>
<kw type="kw" timeout="" name="SwingLibrary.Push Button">
<doc>Uses current context to search for a button and when found, pushes it.</doc>
<arguments>
<arg>save_button</arg>
</arguments>
<status status="PASS" endtime="20100930 09:46:20.339" starttime="20100930 09:46:20.328"/>
</kw>
<status status="PASS" endtime="20100930 09:46:20.341" starttime="20100930 09:46:20.295"/>
</kw>
<kw type="kw" timeout="" name="resource.Status Message Should Be">
<doc/>
<arguments>
<arg>${message}</arg>
</arguments>
<kw type="kw" timeout="" name="SwingLibrary.Label Text Should Be">
<doc>Checks the equality of given text and the text displayed on a label.</doc>
<arguments>
<arg>status_label</arg>
<arg>${message}</arg>
</arguments>
<status status="PASS" endtime="20100930 09:46:20.355" starttime="20100930 09:46:20.349"/>
</kw>
<status status="PASS" endtime="20100930 09:46:20.357" starttime="20100930 09:46:20.344"/>
</kw>
<status status="PASS" endtime="20100930 09:46:20.358" starttime="20100930 09:46:20.058"/>
</kw>
<tags>
</tags>
<status status="PASS" endtime="20100930 09:46:20.361" starttime="20100930 09:46:18.374"/>
</test>
<test critical="yes" timeout="" name="Invalid month">
<doc/>
<kw type="kw" timeout="" name="Validate start date">
<doc/>
<arguments>
<arg>2010-42-01</arg>
<arg>Month must be in 1..12.</arg>
</arguments>
<kw type="kw" timeout="" name="resource.Clear Database">
<doc/>
<arguments>
</arguments>
<kw type="kw" timeout="" name="OperatingSystem.Remove File">
<doc>Removes a file with the given path.</doc>
<arguments>
<arg>${DATABASE}</arg>
</arguments>
<msg timestamp="20100930 09:46:20.398" html="yes" level="INFO">File '&lt;a href="file:///home/jth/work/robot/proto/atdd-tutorial-berlin-2010/atest/vacalc/test_db.txt"&gt;/home/jth/work/robot/proto/atdd-tutorial-berlin-2010/atest/vacalc/test_db.txt&lt;/a&gt;' does not exist</msg>
<status status="PASS" endtime="20100930 09:46:20.398" starttime="20100930 09:46:20.391"/>
</kw>
<kw type="kw" timeout="" name="BuiltIn.Sleep">
<doc>Pauses the test executed for the given time.</doc>
<arguments>
<arg>0.2s</arg>
</arguments>
<msg timestamp="20100930 09:46:20.611" level="INFO">Slept 200 milliseconds</msg>
<status status="PASS" endtime="20100930 09:46:20.614" starttime="20100930 09:46:20.407"/>
</kw>
<status status="PASS" endtime="20100930 09:46:20.617" starttime="20100930 09:46:20.385"/>
</kw>
<kw type="kw" timeout="" name="resource.Add Employee">
<doc/>
<arguments>
<arg>${USER}</arg>
<arg>${date}</arg>
</arguments>
<kw type="kw" timeout="" name="SwingLibrary.Insert Into Text Field">
<doc>Inserts text into a text component (e.g. text field, password field, text area).</doc>
<arguments>
<arg>name_input</arg>
<arg>${name}</arg>
</arguments>
<status status="PASS" endtime="20100930 09:46:20.632" starttime="20100930 09:46:20.625"/>
</kw>
<kw type="kw" timeout="" name="SwingLibrary.Insert Into Text Field">
<doc>Inserts text into a text component (e.g. text field, password field, text area).</doc>
<arguments>
<arg>start_input</arg>
<arg>${date}</arg>
</arguments>
<status status="PASS" endtime="20100930 09:46:20.642" starttime="20100930 09:46:20.637"/>
</kw>
<kw type="kw" timeout="" name="SwingLibrary.Push Button">
<doc>Uses current context to search for a button and when found, pushes it.</doc>
<arguments>
<arg>save_button</arg>
</arguments>
<status status="PASS" endtime="20100930 09:46:20.658" starttime="20100930 09:46:20.644"/>
</kw>
<status status="PASS" endtime="20100930 09:46:20.660" starttime="20100930 09:46:20.618"/>
</kw>
<kw type="kw" timeout="" name="resource.Status Message Should Be">
<doc/>
<arguments>
<arg>${message}</arg>
</arguments>
<kw type="kw" timeout="" name="SwingLibrary.Label Text Should Be">
<doc>Checks the equality of given text and the text displayed on a label.</doc>
<arguments>
<arg>status_label</arg>
<arg>${message}</arg>
</arguments>
<status status="PASS" endtime="20100930 09:46:20.677" starttime="20100930 09:46:20.668"/>
</kw>
<status status="PASS" endtime="20100930 09:46:20.678" starttime="20100930 09:46:20.661"/>
</kw>
<status status="PASS" endtime="20100930 09:46:20.680" starttime="20100930 09:46:20.371"/>
</kw>
<kw type="kw" timeout="" name="Validate start date">
<doc/>
<arguments>
<arg>2010-13-01</arg>
<arg>Month must be in 1..12.</arg>
</arguments>
<kw type="kw" timeout="" name="resource.Clear Database">
<doc/>
<arguments>
</arguments>
<kw type="kw" timeout="" name="OperatingSystem.Remove File">
<doc>Removes a file with the given path.</doc>
<arguments>
<arg>${DATABASE}</arg>
</arguments>
<msg timestamp="20100930 09:46:20.700" html="yes" level="INFO">File '&lt;a href="file:///home/jth/work/robot/proto/atdd-tutorial-berlin-2010/atest/vacalc/test_db.txt"&gt;/home/jth/work/robot/proto/atdd-tutorial-berlin-2010/atest/vacalc/test_db.txt&lt;/a&gt;' does not exist</msg>
<status status="PASS" endtime="20100930 09:46:20.700" starttime="20100930 09:46:20.694"/>
</kw>
<kw type="kw" timeout="" name="BuiltIn.Sleep">
<doc>Pauses the test executed for the given time.</doc>
<arguments>
<arg>0.2s</arg>
</arguments>
<msg timestamp="20100930 09:46:20.905" level="INFO">Slept 200 milliseconds</msg>
<status status="PASS" endtime="20100930 09:46:20.907" starttime="20100930 09:46:20.703"/>
</kw>
<status status="PASS" endtime="20100930 09:46:20.910" starttime="20100930 09:46:20.690"/>
</kw>
<kw type="kw" timeout="" name="resource.Add Employee">
<doc/>
<arguments>
<arg>${USER}</arg>
<arg>${date}</arg>
</arguments>
<kw type="kw" timeout="" name="SwingLibrary.Insert Into Text Field">
<doc>Inserts text into a text component (e.g. text field, password field, text area).</doc>
<arguments>
<arg>name_input</arg>
<arg>${name}</arg>
</arguments>
<status status="PASS" endtime="20100930 09:46:20.934" starttime="20100930 09:46:20.926"/>
</kw>
<kw type="kw" timeout="" name="SwingLibrary.Insert Into Text Field">
<doc>Inserts text into a text component (e.g. text field, password field, text area).</doc>
<arguments>
<arg>start_input</arg>
<arg>${date}</arg>
</arguments>
<status status="PASS" endtime="20100930 09:46:20.943" starttime="20100930 09:46:20.937"/>
</kw>
<kw type="kw" timeout="" name="SwingLibrary.Push Button">
<doc>Uses current context to search for a button and when found, pushes it.</doc>
<arguments>
<arg>save_button</arg>
</arguments>
<status status="PASS" endtime="20100930 09:46:20.959" starttime="20100930 09:46:20.946"/>
</kw>
<status status="PASS" endtime="20100930 09:46:20.960" starttime="20100930 09:46:20.918"/>
</kw>
<kw type="kw" timeout="" name="resource.Status Message Should Be">
<doc/>
<arguments>
<arg>${message}</arg>
</arguments>
<kw type="kw" timeout="" name="SwingLibrary.Label Text Should Be">
<doc>Checks the equality of given text and the text displayed on a label.</doc>
<arguments>
<arg>status_label</arg>
<arg>${message}</arg>
</arguments>
<status status="PASS" endtime="20100930 09:46:20.982" starttime="20100930 09:46:20.974"/>
</kw>
<status status="PASS" endtime="20100930 09:46:20.983" starttime="20100930 09:46:20.964"/>
</kw>
<status status="PASS" endtime="20100930 09:46:20.984" starttime="20100930 09:46:20.681"/>
</kw>
<kw type="kw" timeout="" name="Validate start date">
<doc/>
<arguments>
<arg>2010-00-01</arg>
<arg>Month must be in 1..12.</arg>
</arguments>
<kw type="kw" timeout="" name="resource.Clear Database">
<doc/>
<arguments>
</arguments>
<kw type="kw" timeout="" name="OperatingSystem.Remove File">
<doc>Removes a file with the given path.</doc>
<arguments>
<arg>${DATABASE}</arg>
</arguments>
<msg timestamp="20100930 09:46:21.012" html="yes" level="INFO">File '&lt;a href="file:///home/jth/work/robot/proto/atdd-tutorial-berlin-2010/atest/vacalc/test_db.txt"&gt;/home/jth/work/robot/proto/atdd-tutorial-berlin-2010/atest/vacalc/test_db.txt&lt;/a&gt;' does not exist</msg>
<status status="PASS" endtime="20100930 09:46:21.013" starttime="20100930 09:46:21.000"/>
</kw>
<kw type="kw" timeout="" name="BuiltIn.Sleep">
<doc>Pauses the test executed for the given time.</doc>
<arguments>
<arg>0.2s</arg>
</arguments>
<msg timestamp="20100930 09:46:21.219" level="INFO">Slept 200 milliseconds</msg>
<status status="PASS" endtime="20100930 09:46:21.220" starttime="20100930 09:46:21.015"/>
</kw>
<status status="PASS" endtime="20100930 09:46:21.223" starttime="20100930 09:46:20.993"/>
</kw>
<kw type="kw" timeout="" name="resource.Add Employee">
<doc/>
<arguments>
<arg>${USER}</arg>
<arg>${date}</arg>
</arguments>
<kw type="kw" timeout="" name="SwingLibrary.Insert Into Text Field">
<doc>Inserts text into a text component (e.g. text field, password field, text area).</doc>
<arguments>
<arg>name_input</arg>
<arg>${name}</arg>
</arguments>
<status status="PASS" endtime="20100930 09:46:21.244" starttime="20100930 09:46:21.236"/>
</kw>
<kw type="kw" timeout="" name="SwingLibrary.Insert Into Text Field">
<doc>Inserts text into a text component (e.g. text field, password field, text area).</doc>
<arguments>
<arg>start_input</arg>
<arg>${date}</arg>
</arguments>
<status status="PASS" endtime="20100930 09:46:21.253" starttime="20100930 09:46:21.247"/>
</kw>
<kw type="kw" timeout="" name="SwingLibrary.Push Button">
<doc>Uses current context to search for a button and when found, pushes it.</doc>
<arguments>
<arg>save_button</arg>
</arguments>
<status status="PASS" endtime="20100930 09:46:21.270" starttime="20100930 09:46:21.257"/>
</kw>
<status status="PASS" endtime="20100930 09:46:21.273" starttime="20100930 09:46:21.227"/>
</kw>
<kw type="kw" timeout="" name="resource.Status Message Should Be">
<doc/>
<arguments>
<arg>${message}</arg>
</arguments>
<kw type="kw" timeout="" name="SwingLibrary.Label Text Should Be">
<doc>Checks the equality of given text and the text displayed on a label.</doc>
<arguments>
<arg>status_label</arg>
<arg>${message}</arg>
</arguments>
<status status="PASS" endtime="20100930 09:46:21.289" starttime="20100930 09:46:21.283"/>
</kw>
<status status="PASS" endtime="20100930 09:46:21.290" starttime="20100930 09:46:21.275"/>
</kw>
<status status="PASS" endtime="20100930 09:46:21.292" starttime="20100930 09:46:20.986"/>
</kw>
<tags>
</tags>
<status status="PASS" endtime="20100930 09:46:21.292" starttime="20100930 09:46:20.364"/>
</test>
<test critical="yes" timeout="" name="Invalid day">
<doc/>
<kw type="kw" timeout="" name="Validate start date">
<doc/>
<arguments>
<arg>2010-1-00</arg>
<arg>Day must be in 1..31.</arg>
</arguments>
<kw type="kw" timeout="" name="resource.Clear Database">
<doc/>
<arguments>
</arguments>
<kw type="kw" timeout="" name="OperatingSystem.Remove File">
<doc>Removes a file with the given path.</doc>
<arguments>
<arg>${DATABASE}</arg>
</arguments>
<msg timestamp="20100930 09:46:21.319" html="yes" level="INFO">File '&lt;a href="file:///home/jth/work/robot/proto/atdd-tutorial-berlin-2010/atest/vacalc/test_db.txt"&gt;/home/jth/work/robot/proto/atdd-tutorial-berlin-2010/atest/vacalc/test_db.txt&lt;/a&gt;' does not exist</msg>
<status status="PASS" endtime="20100930 09:46:21.321" starttime="20100930 09:46:21.313"/>
</kw>
<kw type="kw" timeout="" name="BuiltIn.Sleep">
<doc>Pauses the test executed for the given time.</doc>
<arguments>
<arg>0.2s</arg>
</arguments>
<msg timestamp="20100930 09:46:21.528" level="INFO">Slept 200 milliseconds</msg>
<status status="PASS" endtime="20100930 09:46:21.529" starttime="20100930 09:46:21.322"/>
</kw>
<status status="PASS" endtime="20100930 09:46:21.532" starttime="20100930 09:46:21.305"/>
</kw>
<kw type="kw" timeout="" name="resource.Add Employee">
<doc/>
<arguments>
<arg>${USER}</arg>
<arg>${date}</arg>
</arguments>
<kw type="kw" timeout="" name="SwingLibrary.Insert Into Text Field">
<doc>Inserts text into a text component (e.g. text field, password field, text area).</doc>
<arguments>
<arg>name_input</arg>
<arg>${name}</arg>
</arguments>
<status status="PASS" endtime="20100930 09:46:21.555" starttime="20100930 09:46:21.546"/>
</kw>
<kw type="kw" timeout="" name="SwingLibrary.Insert Into Text Field">
<doc>Inserts text into a text component (e.g. text field, password field, text area).</doc>
<arguments>
<arg>start_input</arg>
<arg>${date}</arg>
</arguments>
<status status="PASS" endtime="20100930 09:46:21.565" starttime="20100930 09:46:21.558"/>
</kw>
<kw type="kw" timeout="" name="SwingLibrary.Push Button">
<doc>Uses current context to search for a button and when found, pushes it.</doc>
<arguments>
<arg>save_button</arg>
</arguments>
<status status="PASS" endtime="20100930 09:46:21.585" starttime="20100930 09:46:21.569"/>
</kw>
<status status="PASS" endtime="20100930 09:46:21.588" starttime="20100930 09:46:21.536"/>
</kw>
<kw type="kw" timeout="" name="resource.Status Message Should Be">
<doc/>
<arguments>
<arg>${message}</arg>
</arguments>
<kw type="kw" timeout="" name="SwingLibrary.Label Text Should Be">
<doc>Checks the equality of given text and the text displayed on a label.</doc>
<arguments>
<arg>status_label</arg>
<arg>${message}</arg>
</arguments>
<status status="PASS" endtime="20100930 09:46:21.605" starttime="20100930 09:46:21.598"/>
</kw>
<status status="PASS" endtime="20100930 09:46:21.607" starttime="20100930 09:46:21.589"/>
</kw>
<status status="PASS" endtime="20100930 09:46:21.608" starttime="20100930 09:46:21.301"/>
</kw>
<kw type="kw" timeout="" name="Validate start date">
<doc/>
<arguments>
<arg>2010-1-32</arg>
<arg>Day must be in 1..31.</arg>
</arguments>
<kw type="kw" timeout="" name="resource.Clear Database">
<doc/>
<arguments>
</arguments>
<kw type="kw" timeout="" name="OperatingSystem.Remove File">
<doc>Removes a file with the given path.</doc>
<arguments>
<arg>${DATABASE}</arg>
</arguments>
<msg timestamp="20100930 09:46:21.631" html="yes" level="INFO">File '&lt;a href="file:///home/jth/work/robot/proto/atdd-tutorial-berlin-2010/atest/vacalc/test_db.txt"&gt;/home/jth/work/robot/proto/atdd-tutorial-berlin-2010/atest/vacalc/test_db.txt&lt;/a&gt;' does not exist</msg>
<status status="PASS" endtime="20100930 09:46:21.631" starttime="20100930 09:46:21.622"/>
</kw>
<kw type="kw" timeout="" name="BuiltIn.Sleep">
<doc>Pauses the test executed for the given time.</doc>
<arguments>
<arg>0.2s</arg>
</arguments>
<msg timestamp="20100930 09:46:21.838" level="INFO">Slept 200 milliseconds</msg>
<status status="PASS" endtime="20100930 09:46:21.841" starttime="20100930 09:46:21.634"/>
</kw>
<status status="PASS" endtime="20100930 09:46:21.844" starttime="20100930 09:46:21.617"/>
</kw>
<kw type="kw" timeout="" name="resource.Add Employee">
<doc/>
<arguments>
<arg>${USER}</arg>
<arg>${date}</arg>
</arguments>
<kw type="kw" timeout="" name="SwingLibrary.Insert Into Text Field">
<doc>Inserts text into a text component (e.g. text field, password field, text area).</doc>
<arguments>
<arg>name_input</arg>
<arg>${name}</arg>
</arguments>
<status status="PASS" endtime="20100930 09:46:21.894" starttime="20100930 09:46:21.858"/>
</kw>
<kw type="kw" timeout="" name="SwingLibrary.Insert Into Text Field">
<doc>Inserts text into a text component (e.g. text field, password field, text area).</doc>
<arguments>
<arg>start_input</arg>
<arg>${date}</arg>
</arguments>
<status status="PASS" endtime="20100930 09:46:21.903" starttime="20100930 09:46:21.898"/>
</kw>
<kw type="kw" timeout="" name="SwingLibrary.Push Button">
<doc>Uses current context to search for a button and when found, pushes it.</doc>
<arguments>
<arg>save_button</arg>
</arguments>
<status status="PASS" endtime="20100930 09:46:21.915" starttime="20100930 09:46:21.905"/>
</kw>
<status status="PASS" endtime="20100930 09:46:21.917" starttime="20100930 09:46:21.846"/>
</kw>
<kw type="kw" timeout="" name="resource.Status Message Should Be">
<doc/>
<arguments>
<arg>${message}</arg>
</arguments>
<kw type="kw" timeout="" name="SwingLibrary.Label Text Should Be">
<doc>Checks the equality of given text and the text displayed on a label.</doc>
<arguments>
<arg>status_label</arg>
<arg>${message}</arg>
</arguments>
<status status="PASS" endtime="20100930 09:46:21.933" starttime="20100930 09:46:21.927"/>
</kw>
<status status="PASS" endtime="20100930 09:46:21.934" starttime="20100930 09:46:21.920"/>
</kw>
<status status="PASS" endtime="20100930 09:46:21.934" starttime="20100930 09:46:21.609"/>
</kw>
<kw type="kw" timeout="" name="Validate start date">
<doc/>
<arguments>
<arg>2010-1-100</arg>
<arg>Day must be in 1..31.</arg>
</arguments>
<kw type="kw" timeout="" name="resource.Clear Database">
<doc/>
<arguments>
</arguments>
<kw type="kw" timeout="" name="OperatingSystem.Remove File">
<doc>Removes a file with the given path.</doc>
<arguments>
<arg>${DATABASE}</arg>
</arguments>
<msg timestamp="20100930 09:46:21.954" html="yes" level="INFO">File '&lt;a href="file:///home/jth/work/robot/proto/atdd-tutorial-berlin-2010/atest/vacalc/test_db.txt"&gt;/home/jth/work/robot/proto/atdd-tutorial-berlin-2010/atest/vacalc/test_db.txt&lt;/a&gt;' does not exist</msg>
<status status="PASS" endtime="20100930 09:46:21.954" starttime="20100930 09:46:21.948"/>
</kw>
<kw type="kw" timeout="" name="BuiltIn.Sleep">
<doc>Pauses the test executed for the given time.</doc>
<arguments>
<arg>0.2s</arg>
</arguments>
<msg timestamp="20100930 09:46:22.161" level="INFO">Slept 200 milliseconds</msg>
<status status="PASS" endtime="20100930 09:46:22.163" starttime="20100930 09:46:21.957"/>
</kw>
<status status="PASS" endtime="20100930 09:46:22.167" starttime="20100930 09:46:21.944"/>
</kw>
<kw type="kw" timeout="" name="resource.Add Employee">
<doc/>
<arguments>
<arg>${USER}</arg>
<arg>${date}</arg>
</arguments>
<kw type="kw" timeout="" name="SwingLibrary.Insert Into Text Field">
<doc>Inserts text into a text component (e.g. text field, password field, text area).</doc>
<arguments>
<arg>name_input</arg>
<arg>${name}</arg>
</arguments>
<status status="PASS" endtime="20100930 09:46:22.187" starttime="20100930 09:46:22.181"/>
</kw>
<kw type="kw" timeout="" name="SwingLibrary.Insert Into Text Field">
<doc>Inserts text into a text component (e.g. text field, password field, text area).</doc>
<arguments>
<arg>start_input</arg>
<arg>${date}</arg>
</arguments>
<status status="PASS" endtime="20100930 09:46:22.196" starttime="20100930 09:46:22.190"/>
</kw>
<kw type="kw" timeout="" name="SwingLibrary.Push Button">
<doc>Uses current context to search for a button and when found, pushes it.</doc>
<arguments>
<arg>save_button</arg>
</arguments>
<status status="PASS" endtime="20100930 09:46:22.209" starttime="20100930 09:46:22.198"/>
</kw>
<status status="PASS" endtime="20100930 09:46:22.210" starttime="20100930 09:46:22.170"/>
</kw>
<kw type="kw" timeout="" name="resource.Status Message Should Be">
<doc/>
<arguments>
<arg>${message}</arg>
</arguments>
<kw type="kw" timeout="" name="SwingLibrary.Label Text Should Be">
<doc>Checks the equality of given text and the text displayed on a label.</doc>
<arguments>
<arg>status_label</arg>
<arg>${message}</arg>
</arguments>
<status status="PASS" endtime="20100930 09:46:22.223" starttime="20100930 09:46:22.217"/>
</kw>
<status status="PASS" endtime="20100930 09:46:22.224" starttime="20100930 09:46:22.211"/>
</kw>
<status status="PASS" endtime="20100930 09:46:22.226" starttime="20100930 09:46:21.937"/>
</kw>
<kw type="kw" timeout="" name="Validate start date">
<doc/>
<arguments>
<arg>2010-4-31</arg>
<arg>Day must be in 1..30.</arg>
</arguments>
<kw type="kw" timeout="" name="resource.Clear Database">
<doc/>
<arguments>
</arguments>
<kw type="kw" timeout="" name="OperatingSystem.Remove File">
<doc>Removes a file with the given path.</doc>
<arguments>
<arg>${DATABASE}</arg>
</arguments>
<msg timestamp="20100930 09:46:22.244" html="yes" level="INFO">File '&lt;a href="file:///home/jth/work/robot/proto/atdd-tutorial-berlin-2010/atest/vacalc/test_db.txt"&gt;/home/jth/work/robot/proto/atdd-tutorial-berlin-2010/atest/vacalc/test_db.txt&lt;/a&gt;' does not exist</msg>
<status status="PASS" endtime="20100930 09:46:22.246" starttime="20100930 09:46:22.240"/>
</kw>
<kw type="kw" timeout="" name="BuiltIn.Sleep">
<doc>Pauses the test executed for the given time.</doc>
<arguments>
<arg>0.2s</arg>
</arguments>
<msg timestamp="20100930 09:46:22.451" level="INFO">Slept 200 milliseconds</msg>
<status status="PASS" endtime="20100930 09:46:22.453" starttime="20100930 09:46:22.247"/>
</kw>
<status status="PASS" endtime="20100930 09:46:22.456" starttime="20100930 09:46:22.234"/>
</kw>
<kw type="kw" timeout="" name="resource.Add Employee">
<doc/>
<arguments>
<arg>${USER}</arg>
<arg>${date}</arg>
</arguments>
<kw type="kw" timeout="" name="SwingLibrary.Insert Into Text Field">
<doc>Inserts text into a text component (e.g. text field, password field, text area).</doc>
<arguments>
<arg>name_input</arg>
<arg>${name}</arg>
</arguments>
<status status="PASS" endtime="20100930 09:46:22.480" starttime="20100930 09:46:22.473"/>
</kw>
<kw type="kw" timeout="" name="SwingLibrary.Insert Into Text Field">
<doc>Inserts text into a text component (e.g. text field, password field, text area).</doc>
<arguments>
<arg>start_input</arg>
<arg>${date}</arg>
</arguments>
<status status="PASS" endtime="20100930 09:46:22.489" starttime="20100930 09:46:22.483"/>
</kw>
<kw type="kw" timeout="" name="SwingLibrary.Push Button">
<doc>Uses current context to search for a button and when found, pushes it.</doc>
<arguments>
<arg>save_button</arg>
</arguments>
<status status="PASS" endtime="20100930 09:46:22.515" starttime="20100930 09:46:22.493"/>
</kw>
<status status="PASS" endtime="20100930 09:46:22.516" starttime="20100930 09:46:22.460"/>
</kw>
<kw type="kw" timeout="" name="resource.Status Message Should Be">
<doc/>
<arguments>
<arg>${message}</arg>
</arguments>
<kw type="kw" timeout="" name="SwingLibrary.Label Text Should Be">
<doc>Checks the equality of given text and the text displayed on a label.</doc>
<arguments>
<arg>status_label</arg>
<arg>${message}</arg>
</arguments>
<status status="PASS" endtime="20100930 09:46:22.530" starttime="20100930 09:46:22.525"/>
</kw>
<status status="PASS" endtime="20100930 09:46:22.532" starttime="20100930 09:46:22.517"/>
</kw>
<status status="PASS" endtime="20100930 09:46:22.532" starttime="20100930 09:46:22.229"/>
</kw>
<kw type="kw" timeout="" name="Validate start date">
<doc/>
<arguments>
<arg>2010-2-30</arg>
<arg>Day must be in 1..28.</arg>
</arguments>
<kw type="kw" timeout="" name="resource.Clear Database">
<doc/>
<arguments>
</arguments>
<kw type="kw" timeout="" name="OperatingSystem.Remove File">
<doc>Removes a file with the given path.</doc>
<arguments>
<arg>${DATABASE}</arg>
</arguments>
<msg timestamp="20100930 09:46:22.549" html="yes" level="INFO">File '&lt;a href="file:///home/jth/work/robot/proto/atdd-tutorial-berlin-2010/atest/vacalc/test_db.txt"&gt;/home/jth/work/robot/proto/atdd-tutorial-berlin-2010/atest/vacalc/test_db.txt&lt;/a&gt;' does not exist</msg>
<status status="PASS" endtime="20100930 09:46:22.551" starttime="20100930 09:46:22.545"/>
</kw>
<kw type="kw" timeout="" name="BuiltIn.Sleep">
<doc>Pauses the test executed for the given time.</doc>
<arguments>
<arg>0.2s</arg>
</arguments>
<msg timestamp="20100930 09:46:22.756" level="INFO">Slept 200 milliseconds</msg>
<status status="PASS" endtime="20100930 09:46:22.756" starttime="20100930 09:46:22.552"/>
</kw>
<status status="PASS" endtime="20100930 09:46:22.759" starttime="20100930 09:46:22.540"/>
</kw>
<kw type="kw" timeout="" name="resource.Add Employee">
<doc/>
<arguments>
<arg>${USER}</arg>
<arg>${date}</arg>
</arguments>
<kw type="kw" timeout="" name="SwingLibrary.Insert Into Text Field">
<doc>Inserts text into a text component (e.g. text field, password field, text area).</doc>
<arguments>
<arg>name_input</arg>
<arg>${name}</arg>
</arguments>
<status status="PASS" endtime="20100930 09:46:22.801" starttime="20100930 09:46:22.785"/>
</kw>
<kw type="kw" timeout="" name="SwingLibrary.Insert Into Text Field">
<doc>Inserts text into a text component (e.g. text field, password field, text area).</doc>
<arguments>
<arg>start_input</arg>
<arg>${date}</arg>
</arguments>
<status status="PASS" endtime="20100930 09:46:22.811" starttime="20100930 09:46:22.803"/>
</kw>
<kw type="kw" timeout="" name="SwingLibrary.Push Button">
<doc>Uses current context to search for a button and when found, pushes it.</doc>
<arguments>
<arg>save_button</arg>
</arguments>
<status status="PASS" endtime="20100930 09:46:22.828" starttime="20100930 09:46:22.813"/>
</kw>
<status status="PASS" endtime="20100930 09:46:22.829" starttime="20100930 09:46:22.763"/>
</kw>
<kw type="kw" timeout="" name="resource.Status Message Should Be">
<doc/>
<arguments>
<arg>${message}</arg>
</arguments>
<kw type="kw" timeout="" name="SwingLibrary.Label Text Should Be">
<doc>Checks the equality of given text and the text displayed on a label.</doc>
<arguments>
<arg>status_label</arg>
<arg>${message}</arg>
</arguments>
<status status="PASS" endtime="20100930 09:46:22.845" starttime="20100930 09:46:22.839"/>
</kw>
<status status="PASS" endtime="20100930 09:46:22.848" starttime="20100930 09:46:22.832"/>
</kw>
<status status="PASS" endtime="20100930 09:46:22.848" starttime="20100930 09:46:22.535"/>
</kw>
<kw type="kw" timeout="" name="Validate start date">
<doc/>
<arguments>
<arg>2012-2-30</arg>
<arg>Day must be in 1..29.</arg>
</arguments>
<kw type="kw" timeout="" name="resource.Clear Database">
<doc/>
<arguments>
</arguments>
<kw type="kw" timeout="" name="OperatingSystem.Remove File">
<doc>Removes a file with the given path.</doc>
<arguments>
<arg>${DATABASE}</arg>
</arguments>
<msg timestamp="20100930 09:46:22.865" html="yes" level="INFO">File '&lt;a href="file:///home/jth/work/robot/proto/atdd-tutorial-berlin-2010/atest/vacalc/test_db.txt"&gt;/home/jth/work/robot/proto/atdd-tutorial-berlin-2010/atest/vacalc/test_db.txt&lt;/a&gt;' does not exist</msg>
<status status="PASS" endtime="20100930 09:46:22.865" starttime="20100930 09:46:22.859"/>
</kw>
<kw type="kw" timeout="" name="BuiltIn.Sleep">
<doc>Pauses the test executed for the given time.</doc>
<arguments>
<arg>0.2s</arg>
</arguments>
<msg timestamp="20100930 09:46:23.072" level="INFO">Slept 200 milliseconds</msg>
<status status="PASS" endtime="20100930 09:46:23.072" starttime="20100930 09:46:22.868"/>
</kw>
<status status="PASS" endtime="20100930 09:46:23.075" starttime="20100930 09:46:22.855"/>
</kw>
<kw type="kw" timeout="" name="resource.Add Employee">
<doc/>
<arguments>
<arg>${USER}</arg>
<arg>${date}</arg>
</arguments>
<kw type="kw" timeout="" name="SwingLibrary.Insert Into Text Field">
<doc>Inserts text into a text component (e.g. text field, password field, text area).</doc>
<arguments>
<arg>name_input</arg>
<arg>${name}</arg>
</arguments>
<status status="PASS" endtime="20100930 09:46:23.096" starttime="20100930 09:46:23.091"/>
</kw>
<kw type="kw" timeout="" name="SwingLibrary.Insert Into Text Field">
<doc>Inserts text into a text component (e.g. text field, password field, text area).</doc>
<arguments>
<arg>start_input</arg>
<arg>${date}</arg>
</arguments>
<status status="PASS" endtime="20100930 09:46:23.105" starttime="20100930 09:46:23.098"/>
</kw>
<kw type="kw" timeout="" name="SwingLibrary.Push Button">
<doc>Uses current context to search for a button and when found, pushes it.</doc>
<arguments>
<arg>save_button</arg>
</arguments>
<status status="PASS" endtime="20100930 09:46:23.118" starttime="20100930 09:46:23.108"/>
</kw>
<status status="PASS" endtime="20100930 09:46:23.119" starttime="20100930 09:46:23.078"/>
</kw>
<kw type="kw" timeout="" name="resource.Status Message Should Be">
<doc/>
<arguments>
<arg>${message}</arg>
</arguments>
<kw type="kw" timeout="" name="SwingLibrary.Label Text Should Be">
<doc>Checks the equality of given text and the text displayed on a label.</doc>
<arguments>
<arg>status_label</arg>
<arg>${message}</arg>
</arguments>
<status status="PASS" endtime="20100930 09:46:23.135" starttime="20100930 09:46:23.130"/>
</kw>
<status status="PASS" endtime="20100930 09:46:23.138" starttime="20100930 09:46:23.121"/>
</kw>
<status status="PASS" endtime="20100930 09:46:23.138" starttime="20100930 09:46:22.851"/>
</kw>
<tags>
</tags>
<status status="PASS" endtime="20100930 09:46:23.140" starttime="20100930 09:46:21.295"/>
</test>
<status status="PASS" endtime="20100930 09:46:23.142" starttime="20100930 09:46:17.088"/>
</suite>
<kw type="teardown" timeout="" name="resource.Clear Database">
<doc/>
<arguments>
</arguments>
<kw type="kw" timeout="" name="OperatingSystem.Remove File">
<doc>Removes a file with the given path.</doc>
<arguments>
<arg>${DATABASE}</arg>
</arguments>
<msg timestamp="20100930 09:46:23.161" html="yes" level="INFO">File '&lt;a href="file:///home/jth/work/robot/proto/atdd-tutorial-berlin-2010/atest/vacalc/test_db.txt"&gt;/home/jth/work/robot/proto/atdd-tutorial-berlin-2010/atest/vacalc/test_db.txt&lt;/a&gt;' does not exist</msg>
<status status="PASS" endtime="20100930 09:46:23.161" starttime="20100930 09:46:23.155"/>
</kw>
<kw type="kw" timeout="" name="BuiltIn.Sleep">
<doc>Pauses the test executed for the given time.</doc>
<arguments>
<arg>0.2s</arg>
</arguments>
<msg timestamp="20100930 09:46:23.367" level="INFO">Slept 200 milliseconds</msg>
<status status="PASS" endtime="20100930 09:46:23.368" starttime="20100930 09:46:23.164"/>
</kw>
<status status="PASS" endtime="20100930 09:46:23.371" starttime="20100930 09:46:23.148"/>
</kw>
<status status="FAIL" endtime="20100930 09:46:23.372" starttime="20100930 09:46:10.973"/>
</suite>
<statistics>
<total>
<stat pass="5" fail="1">Critical Tests</stat>
<stat pass="5" fail="1">All Tests</stat>
</total>
<tag>
<stat pass="1" info="" fail="1">Sprint-1</stat>
</tag>
<suite>
<stat pass="5" doc="Vacalc" fail="1">Vacalc</stat>
<stat pass="1" doc="Vacalc.Add Employee" fail="1">Vacalc.Add Employee</stat>
<stat pass="4" doc="Vacalc.Date Validation" fail="0">Vacalc.Date Validation</stat>
</suite>
</statistics>
<errors>
</errors>
</robot>
